[Sun Sep 22 17:36:15 CDT 2024] CREATED: CS 3423 Systems Programming
[Sun Sep 22 17:37:52 CDT 2024] UPDATED: CS 3423 Systems Programming
[Sun Sep 22 17:37:58 CDT 2024] DELETED: CS 3423 Systems Programming
[Sun Sep 22 17:38:35 CDT 2024] CREATED: CS  
[Sun Sep 22 17:40:15 CDT 2024] CREATED: CS 1234 Systems
[Sun Sep 22 17:41:30 CDT 2024] UPDATED: CS 1234 Systems Programming
[Sun Sep 22 17:45:49 CDT 2024] UPDATED: CS 1234 CS 8/21/24
[Sun Sep 22 17:46:44 CDT 2024] DELETED: CS  
[Sun Sep 22 17:46:56 CDT 2024] DELETED: CS 1234 CS 8/21/24
[Sun Sep 22 17:47:36 CDT 2024] CREATED: CS 1222 Systems
[Sun Sep 22 17:48:07 CDT 2024] UPDATED: CS 1222 Systems Programming
[Sun Sep 22 17:48:25 CDT 2024] ENROLLMENT: CS 1222 Systems Programming changed by 3
[Sun Sep 22 17:53:52 CDT 2024] DELETED: CS 1222 Systems Programming
[Sun Sep 22 17:57:23 CDT 2024] CREATED: CS 1234 Game Dev
[Sun Sep 22 18:00:10 CDT 2024] UPDATED: CS 1234 Game Dev
[Sun Sep 22 18:03:06 CDT 2024] UPDATED: CS 1234 Game Dev
[Sun Sep 22 18:03:50 CDT 2024] UPDATED: CS 1234 Game Dev
[Sun Sep 22 18:05:36 CDT 2024] CREATED: CS 3333 Application Programming
[Sun Sep 22 18:05:54 CDT 2024] UPDATED: CS 3333 Application Programming
[Sun Sep 22 18:06:29 CDT 2024] UPDATED: CS 1234 Game Dev
